<?xml version="1.0" encoding="UTF-8"?>
<!-- Generated by org.testng.reporters.JUnitReportReporter -->
<testsuite skipped="0" hostname="Yawens-MacBook-Pro.local" name="com.expedia.qa.testcases.LoginPageTest" tests="3" failures="0" timestamp="03 Jun 2019 02:52:16 GMT" time="3.054" errors="0">
  <testcase name="accountTabTest" time="0.135" classname="com.expedia.qa.testcases.LoginPageTest"/>
  <testcase name="clickSinginTab" time="0.133" classname="com.expedia.qa.testcases.LoginPageTest"/>
  <testcase name="loginTest" time="2.786" classname="com.expedia.qa.testcases.LoginPageTest"/>
</testsuite> <!-- com.expedia.qa.testcases.LoginPageTest -->
