<?xml version="1.0" encoding="UTF-8"?>
<!-- Generated by org.testng.reporters.JUnitReportReporter -->
<testsuite skipped="0" hostname="Yawens-MacBook-Pro.local" name="com.expedia.qa.testcases.HomePageTest" tests="1" failures="0" timestamp="27 May 2019 05:37:11 GMT" time="3.461" errors="0">
  <testcase name="flightsLinkTest" time="3.461" classname="com.expedia.qa.testcases.HomePageTest"/>
</testsuite> <!-- com.expedia.qa.testcases.HomePageTest -->
